Auto packing the repository in background for optimum performance.
See "git help gc" for manual housekeeping.
Missing or invalid credentials.
Error: connect ENOENT /run/user/824267/vscode-git-ae6367d6ae.sock
    at PipeConnectWrap.afterConnect [as oncomplete] (node:net:1494:16) {
  errno: -2,
  code: 'ENOENT',
  syscall: 'connect',
  address: '/run/user/824267/vscode-git-ae6367d6ae.sock'
}
Missing or invalid credentials.
Error: connect ENOENT /run/user/824267/vscode-git-ae6367d6ae.sock
    at PipeConnectWrap.afterConnect [as oncomplete] (node:net:1494:16) {
  errno: -2,
  code: 'ENOENT',
  syscall: 'connect',
  address: '/run/user/824267/vscode-git-ae6367d6ae.sock'
}
remote: No anonymous write access.
fatal: Authentication failed for 'https://github.com/zeinebBC/Medical-SAM-Adapter.git/'
