~/Medical-SAM-Adapter ~/Medical-SAM-Adapter
Subfolder 'iqs_dv_01': /home/zozchaab/data/deepvision/deepvision/iqs_dv_01
  images: 101 images /home/zozchaab/data/deepvision/deepvision/iqs_dv_01/images
  masks: 110 images /home/zozchaab/data/deepvision/deepvision/iqs_dv_01/masks
  zeiss_annotations: 101 images /home/zozchaab/data/deepvision/deepvision/iqs_dv_01/zeiss_annotations

Subfolder 'iqs_dv_02': /home/zozchaab/data/deepvision/deepvision/iqs_dv_02
  images: 149 images /home/zozchaab/data/deepvision/deepvision/iqs_dv_02/images
  masks: 160 images /home/zozchaab/data/deepvision/deepvision/iqs_dv_02/masks
  zeiss_annotations: 149 images /home/zozchaab/data/deepvision/deepvision/iqs_dv_02/zeiss_annotations

Subfolder 'iqs_dv_03': /home/zozchaab/data/deepvision/deepvision/iqs_dv_03
  images: 107 images /home/zozchaab/data/deepvision/deepvision/iqs_dv_03/images
  masks: 107 images /home/zozchaab/data/deepvision/deepvision/iqs_dv_03/masks
  zeiss_annotations: 107 images /home/zozchaab/data/deepvision/deepvision/iqs_dv_03/zeiss_annotations

Subfolder 'iqs_dv_04': /home/zozchaab/data/deepvision/deepvision/iqs_dv_04
  images: 542 images /home/zozchaab/data/deepvision/deepvision/iqs_dv_04/images
  masks: 564 images /home/zozchaab/data/deepvision/deepvision/iqs_dv_04/masks
  zeiss_annotations: 542 images /home/zozchaab/data/deepvision/deepvision/iqs_dv_04/zeiss_annotations

Subfolder 'iqs_dv_05': /home/zozchaab/data/deepvision/deepvision/iqs_dv_05
  images: 42 images /home/zozchaab/data/deepvision/deepvision/iqs_dv_05/images
  masks: 42 images /home/zozchaab/data/deepvision/deepvision/iqs_dv_05/masks
  zeiss_annotations: 42 images /home/zozchaab/data/deepvision/deepvision/iqs_dv_05/zeiss_annotations

Subfolder 'iqs_dv_06': /home/zozchaab/data/deepvision/deepvision/iqs_dv_06
  images: 24 images /home/zozchaab/data/deepvision/deepvision/iqs_dv_06/images
  masks: 48 images /home/zozchaab/data/deepvision/deepvision/iqs_dv_06/masks
  zeiss_annotations: 24 images /home/zozchaab/data/deepvision/deepvision/iqs_dv_06/zeiss_annotations

Subfolder 'iqs_dv_07': /home/zozchaab/data/deepvision/deepvision/iqs_dv_07
  images: 13 images /home/zozchaab/data/deepvision/deepvision/iqs_dv_07/images
  masks: 25 images /home/zozchaab/data/deepvision/deepvision/iqs_dv_07/masks
  zeiss_annotations: 13 images /home/zozchaab/data/deepvision/deepvision/iqs_dv_07/zeiss_annotations

Subfolder 'iqs_dv_08': /home/zozchaab/data/deepvision/deepvision/iqs_dv_08
  images: 550 images /home/zozchaab/data/deepvision/deepvision/iqs_dv_08/images
  masks: 557 images /home/zozchaab/data/deepvision/deepvision/iqs_dv_08/masks
  zeiss_annotations: 550 images /home/zozchaab/data/deepvision/deepvision/iqs_dv_08/zeiss_annotations

/home/zozchaab/data/deepvision/deepvision
~/Medical-SAM-Adapter
