~/Medical-SAM-Adapter ~/Medical-SAM-Adapter
/home/zozchaab/data/deepvision/deepvision
Objects in /home/zozchaab/data/deepvision/deepvision/iqs_dv_test/masks/000080_8d6e18a5-4c47-48c0-807c-75870c51ddbb_data_data_manual_dataset_3.h5:
Group: annotations
  Dataset: proposed (Shape: (120, 120, 120), Dtype: uint8)
Objects in /home/zozchaab/data/deepvision/deepvision/iqs_dv_test/masks/000110_8d6e18a5-4c47-48c0-807c-75870c51ddbb_data_data_manual_dataset_3.h5:
Group: annotations
  Dataset: proposed (Shape: (120, 120, 120), Dtype: uint8)
Objects in /home/zozchaab/data/deepvision/deepvision/iqs_dv_test/masks/000070_8d6e18a5-4c47-48c0-807c-75870c51ddbb_data_data_manual_dataset_3.h5:
Group: annotations
  Dataset: proposed (Shape: (120, 120, 120), Dtype: uint8)
Objects in /home/zozchaab/data/deepvision/deepvision/iqs_dv_test/masks/000048_8d6e18a5-4c47-48c0-807c-75870c51ddbb_data_data_manual_dataset_3.h5:
Group: annotations
  Dataset: proposed (Shape: (120, 120, 120), Dtype: uint8)
Group: data
  Dataset: data (Shape: (120, 120, 120), Dtype: uint16)
Group: metadata
  Dataset: thumbnail (Shape: (120, 120), Dtype: uint8)
Objects in /home/zozchaab/data/deepvision/deepvision/iqs_dv_test/masks/000084_8d6e18a5-4c47-48c0-807c-75870c51ddbb_data_data_manual_dataset_3.h5:
Group: annotations
  Dataset: proposed (Shape: (120, 120, 120), Dtype: uint8)
Objects in /home/zozchaab/data/deepvision/deepvision/iqs_dv_test/masks/000069_8d6e18a5-4c47-48c0-807c-75870c51ddbb_data_data_manual_dataset_3.h5:
Group: annotations
  Dataset: proposed (Shape: (120, 120, 120), Dtype: uint8)
Objects in /home/zozchaab/data/deepvision/deepvision/iqs_dv_test/masks/000114_8d6e18a5-4c47-48c0-807c-75870c51ddbb_data_data_manual_dataset_3.h5:
Group: annotations
  Dataset: proposed (Shape: (120, 120, 120), Dtype: uint8)
Objects in /home/zozchaab/data/deepvision/deepvision/iqs_dv_test/masks/000122_8d6e18a5-4c47-48c0-807c-75870c51ddbb_data_data_manual_dataset_3.h5:
Group: annotations
  Dataset: proposed (Shape: (120, 120, 120), Dtype: uint8)
Objects in /home/zozchaab/data/deepvision/deepvision/iqs_dv_test/masks/000119_8d6e18a5-4c47-48c0-807c-75870c51ddbb_data_data_manual_dataset_3.h5:
Group: annotations
  Dataset: proposed (Shape: (120, 120, 120), Dtype: uint8)
Objects in /home/zozchaab/data/deepvision/deepvision/iqs_dv_test/masks/000104_8d6e18a5-4c47-48c0-807c-75870c51ddbb_data_data_manual_dataset_3.h5:
Group: annotations
  Dataset: proposed (Shape: (120, 120, 120), Dtype: uint8)
Objects in /home/zozchaab/data/deepvision/deepvision/iqs_dv_test/masks/000090_8d6e18a5-4c47-48c0-807c-75870c51ddbb_data_data_manual_dataset_3.h5:
Group: annotations
  Dataset: proposed (Shape: (120, 120, 120), Dtype: uint8)
Objects in /home/zozchaab/data/deepvision/deepvision/iqs_dv_test/masks/000004_8d6e18a5-4c47-48c0-807c-75870c51ddbb_data_data_manual_dataset_3.h5:
Group: annotations
  Dataset: proposed (Shape: (120, 120, 120), Dtype: uint8)
Objects in /home/zozchaab/data/deepvision/deepvision/iqs_dv_test/masks/000024_8d6e18a5-4c47-48c0-807c-75870c51ddbb_data_data_manual_dataset_3.h5:
Group: annotations
  Dataset: proposed (Shape: (120, 120, 120), Dtype: uint8)
Group: data
  Dataset: data (Shape: (120, 120, 120), Dtype: uint16)
Group: metadata
  Dataset: thumbnail (Shape: (120, 120), Dtype: uint8)
Objects in /home/zozchaab/data/deepvision/deepvision/iqs_dv_test/masks/000102_8d6e18a5-4c47-48c0-807c-75870c51ddbb_data_data_manual_dataset_3.h5:
Group: annotations
  Dataset: proposed (Shape: (120, 120, 120), Dtype: uint8)
Objects in /home/zozchaab/data/deepvision/deepvision/iqs_dv_test/masks/000040_8d6e18a5-4c47-48c0-807c-75870c51ddbb_data_data_manual_dataset_3.h5:
Group: annotations
  Dataset: proposed (Shape: (120, 120, 120), Dtype: uint8)
Objects in /home/zozchaab/data/deepvision/deepvision/iqs_dv_test/masks/000071_8d6e18a5-4c47-48c0-807c-75870c51ddbb_data_data_manual_dataset_3.h5:
Group: annotations
  Dataset: proposed (Shape: (120, 120, 120), Dtype: uint8)
Objects in /home/zozchaab/data/deepvision/deepvision/iqs_dv_test/masks/000129_8d6e18a5-4c47-48c0-807c-75870c51ddbb_data_data_manual_dataset_3.h5:
Group: annotations
  Dataset: proposed (Shape: (120, 120, 120), Dtype: uint8)
Objects in /home/zozchaab/data/deepvision/deepvision/iqs_dv_test/masks/000145_8d6e18a5-4c47-48c0-807c-75870c51ddbb_data_data_manual_dataset_3.h5:
Group: annotations
  Dataset: proposed (Shape: (120, 120, 120), Dtype: uint8)
Objects in /home/zozchaab/data/deepvision/deepvision/iqs_dv_test/masks/000034_8d6e18a5-4c47-48c0-807c-75870c51ddbb_data_data_manual_dataset_3.h5:
Group: annotations
  Dataset: proposed (Shape: (120, 120, 120), Dtype: uint8)
Group: data
  Dataset: data (Shape: (120, 120, 120), Dtype: uint16)
Group: metadata
  Dataset: thumbnail (Shape: (120, 120), Dtype: uint8)
Objects in /home/zozchaab/data/deepvision/deepvision/iqs_dv_test/masks/000078_8d6e18a5-4c47-48c0-807c-75870c51ddbb_data_data_manual_dataset_3.h5:
Group: annotations
  Dataset: proposed (Shape: (120, 120, 120), Dtype: uint8)
Objects in /home/zozchaab/data/deepvision/deepvision/iqs_dv_test/masks/000016_8d6e18a5-4c47-48c0-807c-75870c51ddbb_data_data_manual_dataset_3.h5:
Group: annotations
  Dataset: proposed (Shape: (120, 120, 120), Dtype: uint8)
Group: data
  Dataset: data (Shape: (120, 120, 120), Dtype: uint16)
Group: metadata
  Dataset: thumbnail (Shape: (120, 120), Dtype: uint8)
Objects in /home/zozchaab/data/deepvision/deepvision/iqs_dv_test/masks/000089_8d6e18a5-4c47-48c0-807c-75870c51ddbb_data_data_manual_dataset_3.h5:
Group: annotations
  Dataset: proposed (Shape: (120, 120, 120), Dtype: uint8)
Objects in /home/zozchaab/data/deepvision/deepvision/iqs_dv_test/masks/000101_8d6e18a5-4c47-48c0-807c-75870c51ddbb_data_data_manual_dataset_3.h5:
Group: annotations
  Dataset: proposed (Shape: (120, 120, 120), Dtype: uint8)
Objects in /home/zozchaab/data/deepvision/deepvision/iqs_dv_test/masks/000012_8d6e18a5-4c47-48c0-807c-75870c51ddbb_data_data_manual_dataset_3.h5:
Group: annotations
  Dataset: proposed (Shape: (120, 120, 120), Dtype: uint8)
Group: data
  Dataset: data (Shape: (120, 120, 120), Dtype: uint16)
Group: metadata
  Dataset: thumbnail (Shape: (120, 120), Dtype: uint8)
Objects in /home/zozchaab/data/deepvision/deepvision/iqs_dv_test/masks/000047_8d6e18a5-4c47-48c0-807c-75870c51ddbb_data_data_manual_dataset_3.h5:
Group: annotations
  Dataset: proposed (Shape: (120, 120, 120), Dtype: uint8)
Group: data
  Dataset: data (Shape: (120, 120, 120), Dtype: uint16)
Group: metadata
  Dataset: thumbnail (Shape: (120, 120), Dtype: uint8)
Objects in /home/zozchaab/data/deepvision/deepvision/iqs_dv_test/masks/000113_8d6e18a5-4c47-48c0-807c-75870c51ddbb_data_data_manual_dataset_3.h5:
Group: annotations
  Dataset: proposed (Shape: (120, 120, 120), Dtype: uint8)
Objects in /home/zozchaab/data/deepvision/deepvision/iqs_dv_test/masks/000142_8d6e18a5-4c47-48c0-807c-75870c51ddbb_data_data_manual_dataset_3.h5:
Group: annotations
  Dataset: proposed (Shape: (120, 120, 120), Dtype: uint8)
Objects in /home/zozchaab/data/deepvision/deepvision/iqs_dv_test/masks/000121_8d6e18a5-4c47-48c0-807c-75870c51ddbb_data_data_manual_dataset_3.h5:
Group: annotations
  Dataset: proposed (Shape: (120, 120, 120), Dtype: uint8)
Objects in /home/zozchaab/data/deepvision/deepvision/iqs_dv_test/masks/000035_8d6e18a5-4c47-48c0-807c-75870c51ddbb_data_data_manual_dataset_3.h5:
Group: annotations
  Dataset: proposed (Shape: (120, 120, 120), Dtype: uint8)
Group: data
  Dataset: data (Shape: (120, 120, 120), Dtype: uint16)
Group: metadata
  Dataset: thumbnail (Shape: (120, 120), Dtype: uint8)
Objects in /home/zozchaab/data/deepvision/deepvision/iqs_dv_test/masks/000050_8d6e18a5-4c47-48c0-807c-75870c51ddbb_data_data_manual_dataset_3.h5:
Group: annotations
  Dataset: proposed (Shape: (120, 120, 120), Dtype: uint8)
Group: data
  Dataset: data (Shape: (120, 120, 120), Dtype: uint16)
Group: metadata
  Dataset: thumbnail (Shape: (120, 120), Dtype: uint8)
Objects in /home/zozchaab/data/deepvision/deepvision/iqs_dv_test/masks/000141_8d6e18a5-4c47-48c0-807c-75870c51ddbb_data_data_manual_dataset_3.h5:
Group: annotations
  Dataset: proposed (Shape: (120, 120, 120), Dtype: uint8)
Objects in /home/zozchaab/data/deepvision/deepvision/iqs_dv_test/masks/000031_8d6e18a5-4c47-48c0-807c-75870c51ddbb_data_data_manual_dataset_3.h5:
Group: annotations
  Dataset: proposed (Shape: (120, 120, 120), Dtype: uint8)
Group: data
  Dataset: data (Shape: (120, 120, 120), Dtype: uint16)
Group: metadata
  Dataset: thumbnail (Shape: (120, 120), Dtype: uint8)
Objects in /home/zozchaab/data/deepvision/deepvision/iqs_dv_test/masks/000066_8d6e18a5-4c47-48c0-807c-75870c51ddbb_data_data_manual_dataset_3.h5:
Group: annotations
  Dataset: proposed (Shape: (120, 120, 120), Dtype: uint8)
Group: data
  Dataset: data (Shape: (120, 120, 120), Dtype: uint16)
Group: metadata
  Dataset: thumbnail (Shape: (120, 120), Dtype: uint8)
Objects in /home/zozchaab/data/deepvision/deepvision/iqs_dv_test/masks/000083_8d6e18a5-4c47-48c0-807c-75870c51ddbb_data_data_manual_dataset_3.h5:
Group: annotations
  Dataset: proposed (Shape: (120, 120, 120), Dtype: uint8)
Objects in /home/zozchaab/data/deepvision/deepvision/iqs_dv_test/masks/000081_8d6e18a5-4c47-48c0-807c-75870c51ddbb_data_data_manual_dataset_3.h5:
Group: annotations
  Dataset: proposed (Shape: (120, 120, 120), Dtype: uint8)
Objects in /home/zozchaab/data/deepvision/deepvision/iqs_dv_test/masks/000013_8d6e18a5-4c47-48c0-807c-75870c51ddbb_data_data_manual_dataset_3.h5:
Group: annotations
  Dataset: proposed (Shape: (120, 120, 120), Dtype: uint8)
Group: data
  Dataset: data (Shape: (120, 120, 120), Dtype: uint16)
Group: metadata
  Dataset: thumbnail (Shape: (120, 120), Dtype: uint8)
Objects in /home/zozchaab/data/deepvision/deepvision/iqs_dv_test/masks/000023_8d6e18a5-4c47-48c0-807c-75870c51ddbb_data_data_manual_dataset_3.h5:
Group: annotations
  Dataset: proposed (Shape: (120, 120, 120), Dtype: uint8)
Group: data
  Dataset: data (Shape: (120, 120, 120), Dtype: uint16)
Group: metadata
  Dataset: thumbnail (Shape: (120, 120), Dtype: uint8)
Objects in /home/zozchaab/data/deepvision/deepvision/iqs_dv_test/masks/000099_8d6e18a5-4c47-48c0-807c-75870c51ddbb_data_data_manual_dataset_3.h5:
Group: annotations
  Dataset: proposed (Shape: (120, 120, 120), Dtype: uint8)
Objects in /home/zozchaab/data/deepvision/deepvision/iqs_dv_test/masks/000128_8d6e18a5-4c47-48c0-807c-75870c51ddbb_data_data_manual_dataset_3.h5:
Group: annotations
  Dataset: proposed (Shape: (120, 120, 120), Dtype: uint8)
Objects in /home/zozchaab/data/deepvision/deepvision/iqs_dv_test/masks/000095_8d6e18a5-4c47-48c0-807c-75870c51ddbb_data_data_manual_dataset_3.h5:
Group: annotations
  Dataset: proposed (Shape: (120, 120, 120), Dtype: uint8)
Objects in /home/zozchaab/data/deepvision/deepvision/iqs_dv_test/masks/000044_8d6e18a5-4c47-48c0-807c-75870c51ddbb_data_data_manual_dataset_3.h5:
Group: annotations
  Dataset: proposed (Shape: (120, 120, 120), Dtype: uint8)
Group: data
  Dataset: data (Shape: (120, 120, 120), Dtype: uint16)
Group: metadata
  Dataset: thumbnail (Shape: (120, 120), Dtype: uint8)
Objects in /home/zozchaab/data/deepvision/deepvision/iqs_dv_test/masks/000124_8d6e18a5-4c47-48c0-807c-75870c51ddbb_data_data_manual_dataset_3.h5:
Group: annotations
  Dataset: proposed (Shape: (120, 120, 120), Dtype: uint8)
Objects in /home/zozchaab/data/deepvision/deepvision/iqs_dv_test/masks/000118_8d6e18a5-4c47-48c0-807c-75870c51ddbb_data_data_manual_dataset_3.h5:
Group: annotations
  Dataset: proposed (Shape: (120, 120, 120), Dtype: uint8)
Objects in /home/zozchaab/data/deepvision/deepvision/iqs_dv_test/masks/000039_8d6e18a5-4c47-48c0-807c-75870c51ddbb_data_data_manual_dataset_3.h5:
Group: annotations
  Dataset: proposed (Shape: (120, 120, 120), Dtype: uint8)
Group: data
  Dataset: data (Shape: (120, 120, 120), Dtype: uint16)
Group: metadata
  Dataset: thumbnail (Shape: (120, 120), Dtype: uint8)
Objects in /home/zozchaab/data/deepvision/deepvision/iqs_dv_test/masks/000025_8d6e18a5-4c47-48c0-807c-75870c51ddbb_data_data_manual_dataset_3.h5:
Group: annotations
  Dataset: proposed (Shape: (120, 120, 120), Dtype: uint8)
Group: data
  Dataset: data (Shape: (120, 120, 120), Dtype: uint16)
Group: metadata
  Dataset: thumbnail (Shape: (120, 120), Dtype: uint8)
Objects in /home/zozchaab/data/deepvision/deepvision/iqs_dv_test/masks/000067_8d6e18a5-4c47-48c0-807c-75870c51ddbb_data_data_manual_dataset_3.h5:
Group: annotations
  Dataset: proposed (Shape: (120, 120, 120), Dtype: uint8)
Group: data
  Dataset: data (Shape: (120, 120, 120), Dtype: uint16)
Group: metadata
  Dataset: thumbnail (Shape: (120, 120), Dtype: uint8)
Objects in /home/zozchaab/data/deepvision/deepvision/iqs_dv_test/masks/000036_8d6e18a5-4c47-48c0-807c-75870c51ddbb_data_data_manual_dataset_3.h5:
Group: annotations
  Dataset: proposed (Shape: (120, 120, 120), Dtype: uint8)
Group: data
  Dataset: data (Shape: (120, 120, 120), Dtype: uint16)
Group: metadata
  Dataset: thumbnail (Shape: (120, 120), Dtype: uint8)
Objects in /home/zozchaab/data/deepvision/deepvision/iqs_dv_test/masks/000026_8d6e18a5-4c47-48c0-807c-75870c51ddbb_data_data_manual_dataset_3.h5:
Group: annotations
  Dataset: proposed (Shape: (120, 120, 120), Dtype: uint8)
Group: data
  Dataset: data (Shape: (120, 120, 120), Dtype: uint16)
Group: metadata
  Dataset: thumbnail (Shape: (120, 120), Dtype: uint8)
Objects in /home/zozchaab/data/deepvision/deepvision/iqs_dv_test/masks/000143_8d6e18a5-4c47-48c0-807c-75870c51ddbb_data_data_manual_dataset_3.h5:
Group: annotations
  Dataset: proposed (Shape: (120, 120, 120), Dtype: uint8)
Objects in /home/zozchaab/data/deepvision/deepvision/iqs_dv_test/masks/000147_8d6e18a5-4c47-48c0-807c-75870c51ddbb_data_data_manual_dataset_3.h5:
Group: annotations
  Dataset: proposed (Shape: (120, 120, 120), Dtype: uint8)
Objects in /home/zozchaab/data/deepvision/deepvision/iqs_dv_test/masks/000056_8d6e18a5-4c47-48c0-807c-75870c51ddbb_data_data_manual_dataset_3.h5:
Group: annotations
  Dataset: proposed (Shape: (120, 120, 120), Dtype: uint8)
Group: data
  Dataset: data (Shape: (120, 120, 120), Dtype: uint16)
Group: metadata
  Dataset: thumbnail (Shape: (120, 120), Dtype: uint8)
Objects in /home/zozchaab/data/deepvision/deepvision/iqs_dv_test/masks/000106_8d6e18a5-4c47-48c0-807c-75870c51ddbb_data_data_manual_dataset_3.h5:
Group: annotations
  Dataset: proposed (Shape: (120, 120, 120), Dtype: uint8)
Objects in /home/zozchaab/data/deepvision/deepvision/iqs_dv_test/masks/000112_8d6e18a5-4c47-48c0-807c-75870c51ddbb_data_data_manual_dataset_3.h5:
Group: annotations
  Dataset: proposed (Shape: (120, 120, 120), Dtype: uint8)
Objects in /home/zozchaab/data/deepvision/deepvision/iqs_dv_test/masks/000127_8d6e18a5-4c47-48c0-807c-75870c51ddbb_data_data_manual_dataset_3.h5:
Group: annotations
  Dataset: proposed (Shape: (120, 120, 120), Dtype: uint8)
Objects in /home/zozchaab/data/deepvision/deepvision/iqs_dv_test/masks/000045_8d6e18a5-4c47-48c0-807c-75870c51ddbb_data_data_manual_dataset_3.h5:
Group: annotations
  Dataset: proposed (Shape: (120, 120, 120), Dtype: uint8)
Group: data
  Dataset: data (Shape: (120, 120, 120), Dtype: uint16)
Group: metadata
  Dataset: thumbnail (Shape: (120, 120), Dtype: uint8)
Objects in /home/zozchaab/data/deepvision/deepvision/iqs_dv_test/masks/000117_8d6e18a5-4c47-48c0-807c-75870c51ddbb_data_data_manual_dataset_3.h5:
Group: annotations
  Dataset: proposed (Shape: (119, 120, 120), Dtype: uint8)
Objects in /home/zozchaab/data/deepvision/deepvision/iqs_dv_test/masks/000049_8d6e18a5-4c47-48c0-807c-75870c51ddbb_data_data_manual_dataset_3.h5:
Group: annotations
  Dataset: proposed (Shape: (120, 120, 120), Dtype: uint8)
Group: data
  Dataset: data (Shape: (120, 120, 120), Dtype: uint16)
Group: metadata
  Dataset: thumbnail (Shape: (120, 120), Dtype: uint8)
Objects in /home/zozchaab/data/deepvision/deepvision/iqs_dv_test/masks/000015_8d6e18a5-4c47-48c0-807c-75870c51ddbb_data_data_manual_dataset_3.h5:
Group: annotations
  Dataset: proposed (Shape: (120, 120, 120), Dtype: uint8)
Group: data
  Dataset: data (Shape: (120, 120, 120), Dtype: uint16)
Group: metadata
  Dataset: thumbnail (Shape: (120, 120), Dtype: uint8)
Objects in /home/zozchaab/data/deepvision/deepvision/iqs_dv_test/masks/000076_8d6e18a5-4c47-48c0-807c-75870c51ddbb_data_data_manual_dataset_3.h5:
Group: annotations
  Dataset: proposed (Shape: (120, 120, 120), Dtype: uint8)
Objects in /home/zozchaab/data/deepvision/deepvision/iqs_dv_test/masks/000041_8d6e18a5-4c47-48c0-807c-75870c51ddbb_data_data_manual_dataset_3.h5:
Group: annotations
  Dataset: proposed (Shape: (120, 120, 120), Dtype: uint8)
Group: data
  Dataset: data (Shape: (120, 120, 120), Dtype: uint16)
Group: metadata
  Dataset: thumbnail (Shape: (120, 120), Dtype: uint8)
Objects in /home/zozchaab/data/deepvision/deepvision/iqs_dv_test/masks/000032_8d6e18a5-4c47-48c0-807c-75870c51ddbb_data_data_manual_dataset_3.h5:
Group: annotations
  Dataset: proposed (Shape: (120, 120, 120), Dtype: uint8)
Group: data
  Dataset: data (Shape: (120, 120, 120), Dtype: uint16)
Group: metadata
  Dataset: thumbnail (Shape: (120, 120), Dtype: uint8)
Objects in /home/zozchaab/data/deepvision/deepvision/iqs_dv_test/masks/000111_8d6e18a5-4c47-48c0-807c-75870c51ddbb_data_data_manual_dataset_3.h5:
Group: annotations
  Dataset: proposed (Shape: (120, 120, 120), Dtype: uint8)
Objects in /home/zozchaab/data/deepvision/deepvision/iqs_dv_test/masks/000116_8d6e18a5-4c47-48c0-807c-75870c51ddbb_data_data_manual_dataset_3.h5:
Group: annotations
  Dataset: proposed (Shape: (120, 120, 120), Dtype: uint8)
Objects in /home/zozchaab/data/deepvision/deepvision/iqs_dv_test/masks/000137_8d6e18a5-4c47-48c0-807c-75870c51ddbb_data_data_manual_dataset_3.h5:
Group: annotations
  Dataset: proposed (Shape: (120, 120, 120), Dtype: uint8)
Objects in /home/zozchaab/data/deepvision/deepvision/iqs_dv_test/masks/000082_8d6e18a5-4c47-48c0-807c-75870c51ddbb_data_data_manual_dataset_3.h5:
Group: annotations
  Dataset: proposed (Shape: (120, 120, 120), Dtype: uint8)
Objects in /home/zozchaab/data/deepvision/deepvision/iqs_dv_test/masks/000085_8d6e18a5-4c47-48c0-807c-75870c51ddbb_data_data_manual_dataset_3.h5:
Group: annotations
  Dataset: proposed (Shape: (120, 120, 120), Dtype: uint8)
Objects in /home/zozchaab/data/deepvision/deepvision/iqs_dv_test/masks/000054_8d6e18a5-4c47-48c0-807c-75870c51ddbb_data_data_manual_dataset_3.h5:
Group: annotations
  Dataset: proposed (Shape: (120, 120, 120), Dtype: uint8)
Group: data
  Dataset: data (Shape: (120, 120, 120), Dtype: uint16)
Group: metadata
  Dataset: thumbnail (Shape: (120, 120), Dtype: uint8)
Objects in /home/zozchaab/data/deepvision/deepvision/iqs_dv_test/masks/000087_8d6e18a5-4c47-48c0-807c-75870c51ddbb_data_data_manual_dataset_3.h5:
Group: annotations
  Dataset: proposed (Shape: (119, 120, 120), Dtype: uint8)
Objects in /home/zozchaab/data/deepvision/deepvision/iqs_dv_test/masks/000046_8d6e18a5-4c47-48c0-807c-75870c51ddbb_data_data_manual_dataset_3.h5:
Group: annotations
  Dataset: proposed (Shape: (120, 120, 120), Dtype: uint8)
Group: data
  Dataset: data (Shape: (120, 120, 120), Dtype: uint16)
Group: metadata
  Dataset: thumbnail (Shape: (120, 120), Dtype: uint8)
Objects in /home/zozchaab/data/deepvision/deepvision/iqs_dv_test/masks/000011_8d6e18a5-4c47-48c0-807c-75870c51ddbb_data_data_manual_dataset_3.h5:
Group: annotations
  Dataset: proposed (Shape: (120, 120, 120), Dtype: uint8)
Group: data
  Dataset: data (Shape: (120, 120, 120), Dtype: uint16)
Group: metadata
  Dataset: thumbnail (Shape: (120, 120), Dtype: uint8)
Objects in /home/zozchaab/data/deepvision/deepvision/iqs_dv_test/masks/000132_8d6e18a5-4c47-48c0-807c-75870c51ddbb_data_data_manual_dataset_3.h5:
Group: annotations
  Dataset: proposed (Shape: (120, 120, 120), Dtype: uint8)
Objects in /home/zozchaab/data/deepvision/deepvision/iqs_dv_test/masks/000062_8d6e18a5-4c47-48c0-807c-75870c51ddbb_data_data_manual_dataset_3.h5:
Group: annotations
  Dataset: proposed (Shape: (120, 120, 120), Dtype: uint8)
Group: data
  Dataset: data (Shape: (120, 120, 120), Dtype: uint16)
Group: metadata
  Dataset: thumbnail (Shape: (120, 120), Dtype: uint8)
Objects in /home/zozchaab/data/deepvision/deepvision/iqs_dv_test/masks/000064_8d6e18a5-4c47-48c0-807c-75870c51ddbb_data_data_manual_dataset_3.h5:
Group: annotations
  Dataset: proposed (Shape: (120, 120, 120), Dtype: uint8)
Group: data
  Dataset: data (Shape: (120, 120, 120), Dtype: uint16)
Group: metadata
  Dataset: thumbnail (Shape: (120, 120), Dtype: uint8)
Objects in /home/zozchaab/data/deepvision/deepvision/iqs_dv_test/masks/000053_8d6e18a5-4c47-48c0-807c-75870c51ddbb_data_data_manual_dataset_3.h5:
Group: annotations
  Dataset: proposed (Shape: (120, 120, 120), Dtype: uint8)
Group: data
  Dataset: data (Shape: (120, 120, 120), Dtype: uint16)
Group: metadata
  Dataset: thumbnail (Shape: (120, 120), Dtype: uint8)
Objects in /home/zozchaab/data/deepvision/deepvision/iqs_dv_test/masks/000093_8d6e18a5-4c47-48c0-807c-75870c51ddbb_data_data_manual_dataset_3.h5:
Group: annotations
  Dataset: proposed (Shape: (120, 120, 120), Dtype: uint8)
Objects in /home/zozchaab/data/deepvision/deepvision/iqs_dv_test/masks/000092_8d6e18a5-4c47-48c0-807c-75870c51ddbb_data_data_manual_dataset_3.h5:
Group: annotations
  Dataset: proposed (Shape: (120, 120, 120), Dtype: uint8)
Objects in /home/zozchaab/data/deepvision/deepvision/iqs_dv_test/masks/000086_8d6e18a5-4c47-48c0-807c-75870c51ddbb_data_data_manual_dataset_3.h5:
Group: annotations
  Dataset: proposed (Shape: (120, 120, 120), Dtype: uint8)
Objects in /home/zozchaab/data/deepvision/deepvision/iqs_dv_test/masks/000077_8d6e18a5-4c47-48c0-807c-75870c51ddbb_data_data_manual_dataset_3.h5:
Group: annotations
  Dataset: proposed (Shape: (120, 120, 120), Dtype: uint8)
Objects in /home/zozchaab/data/deepvision/deepvision/iqs_dv_test/masks/000140_8d6e18a5-4c47-48c0-807c-75870c51ddbb_data_data_manual_dataset_3.h5:
Group: annotations
  Dataset: proposed (Shape: (120, 120, 120), Dtype: uint8)
Objects in /home/zozchaab/data/deepvision/deepvision/iqs_dv_test/masks/000018_8d6e18a5-4c47-48c0-807c-75870c51ddbb_data_data_manual_dataset_3.h5:
Group: annotations
  Dataset: proposed (Shape: (120, 120, 120), Dtype: uint8)
Group: data
  Dataset: data (Shape: (120, 120, 120), Dtype: uint16)
Group: metadata
  Dataset: thumbnail (Shape: (120, 120), Dtype: uint8)
Objects in /home/zozchaab/data/deepvision/deepvision/iqs_dv_test/masks/000126_8d6e18a5-4c47-48c0-807c-75870c51ddbb_data_data_manual_dataset_3.h5:
Group: annotations
  Dataset: proposed (Shape: (120, 120, 120), Dtype: uint8)
Objects in /home/zozchaab/data/deepvision/deepvision/iqs_dv_test/masks/000134_8d6e18a5-4c47-48c0-807c-75870c51ddbb_data_data_manual_dataset_3.h5:
Group: annotations
  Dataset: proposed (Shape: (120, 120, 120), Dtype: uint8)
Objects in /home/zozchaab/data/deepvision/deepvision/iqs_dv_test/masks/000138_8d6e18a5-4c47-48c0-807c-75870c51ddbb_data_data_manual_dataset_3.h5:
Group: annotations
  Dataset: proposed (Shape: (120, 120, 120), Dtype: uint8)
Objects in /home/zozchaab/data/deepvision/deepvision/iqs_dv_test/masks/000136_8d6e18a5-4c47-48c0-807c-75870c51ddbb_data_data_manual_dataset_3.h5:
Group: annotations
  Dataset: proposed (Shape: (120, 120, 120), Dtype: uint8)
Objects in /home/zozchaab/data/deepvision/deepvision/iqs_dv_test/masks/000097_8d6e18a5-4c47-48c0-807c-75870c51ddbb_data_data_manual_dataset_3.h5:
Group: annotations
  Dataset: proposed (Shape: (120, 120, 120), Dtype: uint8)
Objects in /home/zozchaab/data/deepvision/deepvision/iqs_dv_test/masks/000131_8d6e18a5-4c47-48c0-807c-75870c51ddbb_data_data_manual_dataset_3.h5:
Group: annotations
  Dataset: proposed (Shape: (120, 120, 120), Dtype: uint8)
Objects in /home/zozchaab/data/deepvision/deepvision/iqs_dv_test/masks/000079_8d6e18a5-4c47-48c0-807c-75870c51ddbb_data_data_manual_dataset_3.h5:
Group: annotations
  Dataset: proposed (Shape: (120, 120, 120), Dtype: uint8)
Objects in /home/zozchaab/data/deepvision/deepvision/iqs_dv_test/masks/000100_8d6e18a5-4c47-48c0-807c-75870c51ddbb_data_data_manual_dataset_3.h5:
Group: annotations
  Dataset: proposed (Shape: (120, 120, 120), Dtype: uint8)
Objects in /home/zozchaab/data/deepvision/deepvision/iqs_dv_test/masks/000115_8d6e18a5-4c47-48c0-807c-75870c51ddbb_data_data_manual_dataset_3.h5:
Group: annotations
  Dataset: proposed (Shape: (120, 120, 120), Dtype: uint8)
Objects in /home/zozchaab/data/deepvision/deepvision/iqs_dv_test/masks/000094_8d6e18a5-4c47-48c0-807c-75870c51ddbb_data_data_manual_dataset_3.h5:
Group: annotations
  Dataset: proposed (Shape: (120, 120, 120), Dtype: uint8)
Objects in /home/zozchaab/data/deepvision/deepvision/iqs_dv_test/masks/000103_8d6e18a5-4c47-48c0-807c-75870c51ddbb_data_data_manual_dataset_3.h5:
Group: annotations
  Dataset: proposed (Shape: (120, 120, 120), Dtype: uint8)
Objects in /home/zozchaab/data/deepvision/deepvision/iqs_dv_test/masks/000108_8d6e18a5-4c47-48c0-807c-75870c51ddbb_data_data_manual_dataset_3.h5:
Group: annotations
  Dataset: proposed (Shape: (120, 120, 120), Dtype: uint8)
Objects in /home/zozchaab/data/deepvision/deepvision/iqs_dv_test/masks/000096_8d6e18a5-4c47-48c0-807c-75870c51ddbb_data_data_manual_dataset_3.h5:
Group: annotations
  Dataset: proposed (Shape: (120, 120, 120), Dtype: uint8)
Objects in /home/zozchaab/data/deepvision/deepvision/iqs_dv_test/masks/000074_8d6e18a5-4c47-48c0-807c-75870c51ddbb_data_data_manual_dataset_3.h5:
Group: annotations
  Dataset: proposed (Shape: (120, 120, 120), Dtype: uint8)
Objects in /home/zozchaab/data/deepvision/deepvision/iqs_dv_test/masks/000125_8d6e18a5-4c47-48c0-807c-75870c51ddbb_data_data_manual_dataset_3.h5:
Group: annotations
  Dataset: proposed (Shape: (120, 120, 120), Dtype: uint8)
Objects in /home/zozchaab/data/deepvision/deepvision/iqs_dv_test/masks/000123_8d6e18a5-4c47-48c0-807c-75870c51ddbb_data_data_manual_dataset_3.h5:
Group: annotations
  Dataset: proposed (Shape: (120, 120, 120), Dtype: uint8)
Objects in /home/zozchaab/data/deepvision/deepvision/iqs_dv_test/masks/000051_8d6e18a5-4c47-48c0-807c-75870c51ddbb_data_data_manual_dataset_3.h5:
Group: annotations
  Dataset: proposed (Shape: (120, 120, 120), Dtype: uint8)
Group: data
  Dataset: data (Shape: (120, 120, 120), Dtype: uint16)
Group: metadata
  Dataset: thumbnail (Shape: (120, 120), Dtype: uint8)
Objects in /home/zozchaab/data/deepvision/deepvision/iqs_dv_test/masks/000139_8d6e18a5-4c47-48c0-807c-75870c51ddbb_data_data_manual_dataset_3.h5:
Group: annotations
  Dataset: proposed (Shape: (120, 120, 120), Dtype: uint8)
Objects in /home/zozchaab/data/deepvision/deepvision/iqs_dv_test/masks/000075_8d6e18a5-4c47-48c0-807c-75870c51ddbb_data_data_manual_dataset_3.h5:
Group: annotations
  Dataset: proposed (Shape: (120, 120, 120), Dtype: uint8)
Objects in /home/zozchaab/data/deepvision/deepvision/iqs_dv_test/masks/000091_8d6e18a5-4c47-48c0-807c-75870c51ddbb_data_data_manual_dataset_3.h5:
Group: annotations
  Dataset: proposed (Shape: (120, 120, 120), Dtype: uint8)
Objects in /home/zozchaab/data/deepvision/deepvision/iqs_dv_test/masks/000017_8d6e18a5-4c47-48c0-807c-75870c51ddbb_data_data_manual_dataset_3.h5:
Group: annotations
  Dataset: proposed (Shape: (120, 120, 120), Dtype: uint8)
Group: data
  Dataset: data (Shape: (120, 120, 120), Dtype: uint16)
Group: metadata
  Dataset: thumbnail (Shape: (120, 120), Dtype: uint8)
Objects in /home/zozchaab/data/deepvision/deepvision/iqs_dv_test/masks/000144_8d6e18a5-4c47-48c0-807c-75870c51ddbb_data_data_manual_dataset_3.h5:
Group: annotations
  Dataset: proposed (Shape: (120, 120, 120), Dtype: uint8)
Objects in /home/zozchaab/data/deepvision/deepvision/iqs_dv_test/masks/000107_8d6e18a5-4c47-48c0-807c-75870c51ddbb_data_data_manual_dataset_3.h5:
Group: annotations
  Dataset: proposed (Shape: (120, 120, 120), Dtype: uint8)
Objects in /home/zozchaab/data/deepvision/deepvision/iqs_dv_test/masks/000120_8d6e18a5-4c47-48c0-807c-75870c51ddbb_data_data_manual_dataset_3.h5:
Group: annotations
  Dataset: proposed (Shape: (120, 120, 120), Dtype: uint8)
Objects in /home/zozchaab/data/deepvision/deepvision/iqs_dv_test/masks/000109_8d6e18a5-4c47-48c0-807c-75870c51ddbb_data_data_manual_dataset_3.h5:
Group: annotations
  Dataset: proposed (Shape: (120, 120, 120), Dtype: uint8)
Objects in /home/zozchaab/data/deepvision/deepvision/iqs_dv_test/masks/000072_8d6e18a5-4c47-48c0-807c-75870c51ddbb_data_data_manual_dataset_3.h5:
Group: annotations
  Dataset: proposed (Shape: (120, 120, 120), Dtype: uint8)
Objects in /home/zozchaab/data/deepvision/deepvision/iqs_dv_test/masks/000063_8d6e18a5-4c47-48c0-807c-75870c51ddbb_data_data_manual_dataset_3.h5:
Group: annotations
  Dataset: proposed (Shape: (120, 120, 120), Dtype: uint8)
Group: data
  Dataset: data (Shape: (120, 120, 120), Dtype: uint16)
Group: metadata
  Dataset: thumbnail (Shape: (120, 120), Dtype: uint8)
Objects in /home/zozchaab/data/deepvision/deepvision/iqs_dv_test/masks/000016_5b463013-b2aa-49c0-a87e-e71632dbc2af_data_data_manual_dataset_5.h5:
Group: annotations
  Dataset: result (Shape: (120, 120, 120), Dtype: uint8)
Group: data
  Dataset: data (Shape: (120, 120, 120), Dtype: uint16)
Group: metadata
  Dataset: thumbnail (Shape: (120, 120), Dtype: uint8)
Objects in /home/zozchaab/data/deepvision/deepvision/iqs_dv_test/masks/000028_5b463013-b2aa-49c0-a87e-e71632dbc2af_data_data_manual_dataset_5.h5:
Group: annotations
  Dataset: result (Shape: (120, 120, 120), Dtype: uint8)
Group: data
  Dataset: data (Shape: (120, 120, 120), Dtype: uint16)
Group: metadata
  Dataset: thumbnail (Shape: (120, 120), Dtype: uint8)
Objects in /home/zozchaab/data/deepvision/deepvision/iqs_dv_test/masks/000018_5b463013-b2aa-49c0-a87e-e71632dbc2af_data_data_manual_dataset_5.h5:
Group: annotations
  Dataset: result (Shape: (120, 120, 120), Dtype: uint8)
Group: data
  Dataset: data (Shape: (120, 120, 120), Dtype: uint16)
Group: metadata
  Dataset: thumbnail (Shape: (120, 120), Dtype: uint8)
Objects in /home/zozchaab/data/deepvision/deepvision/iqs_dv_test/masks/000026_5b463013-b2aa-49c0-a87e-e71632dbc2af_data_data_manual_dataset_5.h5:
Group: annotations
  Dataset: result (Shape: (120, 120, 120), Dtype: uint8)
Group: data
  Dataset: data (Shape: (120, 120, 120), Dtype: uint16)
Group: metadata
  Dataset: thumbnail (Shape: (120, 120), Dtype: uint8)
Objects in /home/zozchaab/data/deepvision/deepvision/iqs_dv_test/masks/000033_5b463013-b2aa-49c0-a87e-e71632dbc2af_data_data_manual_dataset_5.h5:
Group: annotations
  Dataset: result (Shape: (120, 120, 120), Dtype: uint8)
Group: data
  Dataset: data (Shape: (120, 120, 120), Dtype: uint16)
Group: metadata
  Dataset: thumbnail (Shape: (120, 120), Dtype: uint8)
Objects in /home/zozchaab/data/deepvision/deepvision/iqs_dv_test/masks/000014_5b463013-b2aa-49c0-a87e-e71632dbc2af_data_data_manual_dataset_5.h5:
Group: annotations
  Dataset: result (Shape: (120, 120, 120), Dtype: uint8)
Group: data
  Dataset: data (Shape: (120, 120, 120), Dtype: uint16)
Group: metadata
  Dataset: thumbnail (Shape: (120, 120), Dtype: uint8)
Objects in /home/zozchaab/data/deepvision/deepvision/iqs_dv_test/masks/000031_5b463013-b2aa-49c0-a87e-e71632dbc2af_data_data_manual_dataset_5.h5:
Group: annotations
  Dataset: result (Shape: (120, 120, 120), Dtype: uint8)
Group: data
  Dataset: data (Shape: (120, 120, 120), Dtype: uint16)
Group: metadata
  Dataset: thumbnail (Shape: (120, 120), Dtype: uint8)
Objects in /home/zozchaab/data/deepvision/deepvision/iqs_dv_test/masks/000009_5b463013-b2aa-49c0-a87e-e71632dbc2af_data_data_manual_dataset_5.h5:
Group: annotations
  Dataset: result (Shape: (120, 120, 120), Dtype: uint8)
Group: data
  Dataset: data (Shape: (120, 120, 120), Dtype: uint16)
Group: metadata
  Dataset: thumbnail (Shape: (120, 120), Dtype: uint8)
Objects in /home/zozchaab/data/deepvision/deepvision/iqs_dv_test/masks/000024_5b463013-b2aa-49c0-a87e-e71632dbc2af_data_data_manual_dataset_5.h5:
Group: annotations
  Dataset: result (Shape: (120, 120, 120), Dtype: uint8)
Group: data
  Dataset: data (Shape: (120, 120, 120), Dtype: uint16)
Group: metadata
  Dataset: thumbnail (Shape: (120, 120), Dtype: uint8)
Objects in /home/zozchaab/data/deepvision/deepvision/iqs_dv_test/masks/000036_5b463013-b2aa-49c0-a87e-e71632dbc2af_data_data_manual_dataset_5.h5:
Group: annotations
  Dataset: result (Shape: (120, 120, 120), Dtype: uint8)
Group: data
  Dataset: data (Shape: (120, 120, 120), Dtype: uint16)
Group: metadata
  Dataset: thumbnail (Shape: (120, 120), Dtype: uint8)
Objects in /home/zozchaab/data/deepvision/deepvision/iqs_dv_test/masks/000001_5b463013-b2aa-49c0-a87e-e71632dbc2af_data_data_manual_dataset_5.h5:
Group: annotations
  Dataset: result (Shape: (120, 120, 120), Dtype: uint8)
Group: data
  Dataset: data (Shape: (120, 120, 120), Dtype: uint16)
Group: metadata
  Dataset: thumbnail (Shape: (120, 120), Dtype: uint8)
Objects in /home/zozchaab/data/deepvision/deepvision/iqs_dv_test/masks/000002_5b463013-b2aa-49c0-a87e-e71632dbc2af_data_data_manual_dataset_5.h5:
Group: annotations
  Dataset: result (Shape: (120, 120, 120), Dtype: uint8)
Group: data
  Dataset: data (Shape: (120, 120, 120), Dtype: uint16)
Group: metadata
  Dataset: thumbnail (Shape: (120, 120), Dtype: uint8)
Objects in /home/zozchaab/data/deepvision/deepvision/iqs_dv_test/masks/000034_5b463013-b2aa-49c0-a87e-e71632dbc2af_data_data_manual_dataset_5.h5:
Group: annotations
  Dataset: result (Shape: (120, 120, 120), Dtype: uint8)
Group: data
  Dataset: data (Shape: (120, 120, 120), Dtype: uint16)
Group: metadata
  Dataset: thumbnail (Shape: (120, 120), Dtype: uint8)
Objects in /home/zozchaab/data/deepvision/deepvision/iqs_dv_test/masks/000032_5b463013-b2aa-49c0-a87e-e71632dbc2af_data_data_manual_dataset_5.h5:
Group: annotations
  Dataset: result (Shape: (120, 120, 120), Dtype: uint8)
Group: data
  Dataset: data (Shape: (120, 120, 120), Dtype: uint16)
Group: metadata
  Dataset: thumbnail (Shape: (120, 120), Dtype: uint8)
Objects in /home/zozchaab/data/deepvision/deepvision/iqs_dv_test/masks/000041_5b463013-b2aa-49c0-a87e-e71632dbc2af_data_data_manual_dataset_5.h5:
Group: annotations
  Dataset: result (Shape: (120, 120, 120), Dtype: uint8)
Group: data
  Dataset: data (Shape: (120, 120, 120), Dtype: uint16)
Group: metadata
  Dataset: thumbnail (Shape: (120, 120), Dtype: uint8)
Objects in /home/zozchaab/data/deepvision/deepvision/iqs_dv_test/masks/000011_5b463013-b2aa-49c0-a87e-e71632dbc2af_data_data_manual_dataset_5.h5:
Group: annotations
  Dataset: result (Shape: (120, 120, 120), Dtype: uint8)
Group: data
  Dataset: data (Shape: (120, 120, 120), Dtype: uint16)
Group: metadata
  Dataset: thumbnail (Shape: (120, 120), Dtype: uint8)
Objects in /home/zozchaab/data/deepvision/deepvision/iqs_dv_test/masks/000004_5b463013-b2aa-49c0-a87e-e71632dbc2af_data_data_manual_dataset_5.h5:
Group: annotations
  Dataset: result (Shape: (120, 120, 120), Dtype: uint8)
Group: data
  Dataset: data (Shape: (120, 120, 120), Dtype: uint16)
Group: metadata
  Dataset: thumbnail (Shape: (120, 120), Dtype: uint8)
Objects in /home/zozchaab/data/deepvision/deepvision/iqs_dv_test/masks/000025_5b463013-b2aa-49c0-a87e-e71632dbc2af_data_data_manual_dataset_5.h5:
Group: annotations
  Dataset: result (Shape: (120, 120, 120), Dtype: uint8)
Group: data
  Dataset: data (Shape: (120, 120, 120), Dtype: uint16)
Group: metadata
  Dataset: thumbnail (Shape: (120, 120), Dtype: uint8)
Objects in /home/zozchaab/data/deepvision/deepvision/iqs_dv_test/masks/000029_5b463013-b2aa-49c0-a87e-e71632dbc2af_data_data_manual_dataset_5.h5:
Group: annotations
  Dataset: result (Shape: (120, 120, 120), Dtype: uint8)
Group: data
  Dataset: data (Shape: (120, 120, 120), Dtype: uint16)
Group: metadata
  Dataset: thumbnail (Shape: (120, 120), Dtype: uint8)
Objects in /home/zozchaab/data/deepvision/deepvision/iqs_dv_test/masks/000039_5b463013-b2aa-49c0-a87e-e71632dbc2af_data_data_manual_dataset_5.h5:
Group: annotations
  Dataset: result (Shape: (120, 120, 120), Dtype: uint8)
Group: data
  Dataset: data (Shape: (120, 120, 120), Dtype: uint16)
Group: metadata
  Dataset: thumbnail (Shape: (120, 120), Dtype: uint8)
Objects in /home/zozchaab/data/deepvision/deepvision/iqs_dv_test/masks/000003_5b463013-b2aa-49c0-a87e-e71632dbc2af_data_data_manual_dataset_5.h5:
Group: annotations
  Dataset: result (Shape: (120, 120, 120), Dtype: uint8)
Group: data
  Dataset: data (Shape: (120, 120, 120), Dtype: uint16)
Group: metadata
  Dataset: thumbnail (Shape: (120, 120), Dtype: uint8)
Objects in /home/zozchaab/data/deepvision/deepvision/iqs_dv_test/masks/000022_5b463013-b2aa-49c0-a87e-e71632dbc2af_data_data_manual_dataset_5.h5:
Group: annotations
  Dataset: result (Shape: (120, 120, 120), Dtype: uint8)
Group: data
  Dataset: data (Shape: (120, 120, 120), Dtype: uint16)
Group: metadata
  Dataset: thumbnail (Shape: (120, 120), Dtype: uint8)
Objects in /home/zozchaab/data/deepvision/deepvision/iqs_dv_test/masks/000015_5b463013-b2aa-49c0-a87e-e71632dbc2af_data_data_manual_dataset_5.h5:
Group: annotations
  Dataset: result (Shape: (120, 120, 120), Dtype: uint8)
Group: data
  Dataset: data (Shape: (120, 120, 120), Dtype: uint16)
Group: metadata
  Dataset: thumbnail (Shape: (120, 120), Dtype: uint8)
Objects in /home/zozchaab/data/deepvision/deepvision/iqs_dv_test/masks/000012_5b463013-b2aa-49c0-a87e-e71632dbc2af_data_data_manual_dataset_5.h5:
Group: annotations
  Dataset: result (Shape: (120, 120, 120), Dtype: uint8)
Group: data
  Dataset: data (Shape: (120, 120, 120), Dtype: uint16)
Group: metadata
  Dataset: thumbnail (Shape: (120, 120), Dtype: uint8)
Objects in /home/zozchaab/data/deepvision/deepvision/iqs_dv_test/masks/000007_5b463013-b2aa-49c0-a87e-e71632dbc2af_data_data_manual_dataset_5.h5:
Group: annotations
  Dataset: result (Shape: (120, 120, 120), Dtype: uint8)
Group: data
  Dataset: data (Shape: (120, 120, 120), Dtype: uint16)
Group: metadata
  Dataset: thumbnail (Shape: (120, 120), Dtype: uint8)
Objects in /home/zozchaab/data/deepvision/deepvision/iqs_dv_test/masks/000020_5b463013-b2aa-49c0-a87e-e71632dbc2af_data_data_manual_dataset_5.h5:
Group: annotations
  Dataset: result (Shape: (120, 120, 120), Dtype: uint8)
Group: data
  Dataset: data (Shape: (120, 120, 120), Dtype: uint16)
Group: metadata
  Dataset: thumbnail (Shape: (120, 120), Dtype: uint8)
Objects in /home/zozchaab/data/deepvision/deepvision/iqs_dv_test/masks/000008_5b463013-b2aa-49c0-a87e-e71632dbc2af_data_data_manual_dataset_5.h5:
Group: annotations
  Dataset: result (Shape: (120, 120, 120), Dtype: uint8)
Group: data
  Dataset: data (Shape: (120, 120, 120), Dtype: uint16)
Group: metadata
  Dataset: thumbnail (Shape: (120, 120), Dtype: uint8)
Objects in /home/zozchaab/data/deepvision/deepvision/iqs_dv_test/masks/000035_5b463013-b2aa-49c0-a87e-e71632dbc2af_data_data_manual_dataset_5.h5:
Group: annotations
  Dataset: result (Shape: (120, 120, 120), Dtype: uint8)
Group: data
  Dataset: data (Shape: (120, 120, 120), Dtype: uint16)
Group: metadata
  Dataset: thumbnail (Shape: (120, 120), Dtype: uint8)
Objects in /home/zozchaab/data/deepvision/deepvision/iqs_dv_test/masks/000040_5b463013-b2aa-49c0-a87e-e71632dbc2af_data_data_manual_dataset_5.h5:
Group: annotations
  Dataset: result (Shape: (120, 120, 120), Dtype: uint8)
Group: data
  Dataset: data (Shape: (120, 120, 120), Dtype: uint16)
Group: metadata
  Dataset: thumbnail (Shape: (120, 120), Dtype: uint8)
Objects in /home/zozchaab/data/deepvision/deepvision/iqs_dv_test/masks/000017_5b463013-b2aa-49c0-a87e-e71632dbc2af_data_data_manual_dataset_5.h5:
Group: annotations
  Dataset: result (Shape: (120, 120, 120), Dtype: uint8)
Group: data
  Dataset: data (Shape: (120, 120, 120), Dtype: uint16)
Group: metadata
  Dataset: thumbnail (Shape: (120, 120), Dtype: uint8)
Objects in /home/zozchaab/data/deepvision/deepvision/iqs_dv_test/masks/000013_5b463013-b2aa-49c0-a87e-e71632dbc2af_data_data_manual_dataset_5.h5:
Group: annotations
  Dataset: result (Shape: (120, 120, 120), Dtype: uint8)
Group: data
  Dataset: data (Shape: (120, 120, 120), Dtype: uint16)
Group: metadata
  Dataset: thumbnail (Shape: (120, 120), Dtype: uint8)
Objects in /home/zozchaab/data/deepvision/deepvision/iqs_dv_test/masks/000030_5b463013-b2aa-49c0-a87e-e71632dbc2af_data_data_manual_dataset_5.h5:
Group: annotations
  Dataset: result (Shape: (120, 120, 120), Dtype: uint8)
Group: data
  Dataset: data (Shape: (120, 120, 120), Dtype: uint16)
Group: metadata
  Dataset: thumbnail (Shape: (120, 120), Dtype: uint8)
Objects in /home/zozchaab/data/deepvision/deepvision/iqs_dv_test/masks/000021_5b463013-b2aa-49c0-a87e-e71632dbc2af_data_data_manual_dataset_5.h5:
Group: annotations
  Dataset: result (Shape: (120, 120, 120), Dtype: uint8)
Group: data
  Dataset: data (Shape: (120, 120, 120), Dtype: uint16)
Group: metadata
  Dataset: thumbnail (Shape: (120, 120), Dtype: uint8)
Objects in /home/zozchaab/data/deepvision/deepvision/iqs_dv_test/masks/000023_5b463013-b2aa-49c0-a87e-e71632dbc2af_data_data_manual_dataset_5.h5:
Group: annotations
  Dataset: result (Shape: (120, 120, 120), Dtype: uint8)
Group: data
  Dataset: data (Shape: (120, 120, 120), Dtype: uint16)
Group: metadata
  Dataset: thumbnail (Shape: (120, 120), Dtype: uint8)
Objects in /home/zozchaab/data/deepvision/deepvision/iqs_dv_test/masks/000006_5b463013-b2aa-49c0-a87e-e71632dbc2af_data_data_manual_dataset_5.h5:
Group: annotations
  Dataset: result (Shape: (120, 120, 120), Dtype: uint8)
Group: data
  Dataset: data (Shape: (120, 120, 120), Dtype: uint16)
Group: metadata
  Dataset: thumbnail (Shape: (120, 120), Dtype: uint8)
Objects in /home/zozchaab/data/deepvision/deepvision/iqs_dv_test/masks/000027_5b463013-b2aa-49c0-a87e-e71632dbc2af_data_data_manual_dataset_5.h5:
Group: annotations
  Dataset: result (Shape: (120, 120, 120), Dtype: uint8)
Group: data
  Dataset: data (Shape: (120, 120, 120), Dtype: uint16)
Group: metadata
  Dataset: thumbnail (Shape: (120, 120), Dtype: uint8)
Objects in /home/zozchaab/data/deepvision/deepvision/iqs_dv_test/masks/000019_5b463013-b2aa-49c0-a87e-e71632dbc2af_data_data_manual_dataset_5.h5:
Group: annotations
  Dataset: result (Shape: (120, 120, 120), Dtype: uint8)
Group: data
  Dataset: data (Shape: (120, 120, 120), Dtype: uint16)
Group: metadata
  Dataset: thumbnail (Shape: (120, 120), Dtype: uint8)
Objects in /home/zozchaab/data/deepvision/deepvision/iqs_dv_test/masks/000037_5b463013-b2aa-49c0-a87e-e71632dbc2af_data_data_manual_dataset_5.h5:
Group: annotations
  Dataset: result (Shape: (120, 120, 120), Dtype: uint8)
Group: data
  Dataset: data (Shape: (120, 120, 120), Dtype: uint16)
Group: metadata
  Dataset: thumbnail (Shape: (120, 120), Dtype: uint8)
Objects in /home/zozchaab/data/deepvision/deepvision/iqs_dv_test/masks/000010_5b463013-b2aa-49c0-a87e-e71632dbc2af_data_data_manual_dataset_5.h5:
Group: annotations
  Dataset: result (Shape: (120, 120, 120), Dtype: uint8)
Group: data
  Dataset: data (Shape: (120, 120, 120), Dtype: uint16)
Group: metadata
  Dataset: thumbnail (Shape: (120, 120), Dtype: uint8)
Objects in /home/zozchaab/data/deepvision/deepvision/iqs_dv_test/masks/000000_5b463013-b2aa-49c0-a87e-e71632dbc2af_data_data_manual_dataset_5.h5:
Group: annotations
  Dataset: result (Shape: (120, 120, 120), Dtype: uint8)
Group: data
  Dataset: data (Shape: (120, 120, 120), Dtype: uint16)
Group: metadata
  Dataset: thumbnail (Shape: (120, 120), Dtype: uint8)
Objects in /home/zozchaab/data/deepvision/deepvision/iqs_dv_test/masks/000038_5b463013-b2aa-49c0-a87e-e71632dbc2af_data_data_manual_dataset_5.h5:
Group: annotations
  Dataset: result (Shape: (120, 120, 120), Dtype: uint8)
Group: data
  Dataset: data (Shape: (120, 120, 120), Dtype: uint16)
Group: metadata
  Dataset: thumbnail (Shape: (120, 120), Dtype: uint8)
Objects in /home/zozchaab/data/deepvision/deepvision/iqs_dv_test/masks/000005_5b463013-b2aa-49c0-a87e-e71632dbc2af_data_data_manual_dataset_5.h5:
Group: annotations
  Dataset: result (Shape: (120, 120, 120), Dtype: uint8)
Group: data
  Dataset: data (Shape: (120, 120, 120), Dtype: uint16)
Group: metadata
  Dataset: thumbnail (Shape: (120, 120), Dtype: uint8)
Objects in /home/zozchaab/data/deepvision/deepvision/iqs_dv_test/masks/000012_d4b791c4-e184-4a83-bc5f-533427222607_data_data_generated_dataset_6.h5:
Group: annotations
  Dataset: result (Shape: (120, 120, 120), Dtype: uint8)
Objects in /home/zozchaab/data/deepvision/deepvision/iqs_dv_test/masks/000006_d4b791c4-e184-4a83-bc5f-533427222607_data_data_generated_dataset_6.h5:
Group: annotations
  Dataset: result (Shape: (120, 120, 120), Dtype: uint8)
Objects in /home/zozchaab/data/deepvision/deepvision/iqs_dv_test/masks/000015_d4b791c4-e184-4a83-bc5f-533427222607_data_data_manual_dataset_6.h5:
Group: annotations
  Dataset: proposed (Shape: (120, 120, 120), Dtype: uint8)
  Dataset: result (Shape: (120, 120, 120), Dtype: uint8)
Objects in /home/zozchaab/data/deepvision/deepvision/iqs_dv_test/masks/000002_d4b791c4-e184-4a83-bc5f-533427222607_data_data_generated_dataset_6.h5:
Group: annotations
  Dataset: result (Shape: (120, 120, 120), Dtype: uint8)
Objects in /home/zozchaab/data/deepvision/deepvision/iqs_dv_test/masks/000001_d4b791c4-e184-4a83-bc5f-533427222607_data_data_user_sample_dataset_6.h5:
Group: annotations
  Dataset: sample (Shape: (120, 120, 120), Dtype: uint8)
Objects in /home/zozchaab/data/deepvision/deepvision/iqs_dv_test/masks/000020_d4b791c4-e184-4a83-bc5f-533427222607_data_data_user_sample_dataset_6.h5:
Group: annotations
  Dataset: sample (Shape: (120, 120, 120), Dtype: uint8)
Objects in /home/zozchaab/data/deepvision/deepvision/iqs_dv_test/masks/000007_d4b791c4-e184-4a83-bc5f-533427222607_data_data_user_sample_dataset_6.h5:
Group: annotations
  Dataset: sample (Shape: (120, 120, 120), Dtype: uint8)
Objects in /home/zozchaab/data/deepvision/deepvision/iqs_dv_test/masks/000007_d4b791c4-e184-4a83-bc5f-533427222607_data_data_generated_dataset_6.h5:
Group: annotations
  Dataset: result (Shape: (120, 120, 120), Dtype: uint8)
Objects in /home/zozchaab/data/deepvision/deepvision/iqs_dv_test/masks/000003_d4b791c4-e184-4a83-bc5f-533427222607_data_data_generated_dataset_6.h5:
Group: annotations
  Dataset: result (Shape: (120, 120, 120), Dtype: uint8)
Objects in /home/zozchaab/data/deepvision/deepvision/iqs_dv_test/masks/000011_d4b791c4-e184-4a83-bc5f-533427222607_data_data_generated_dataset_6.h5:
Group: annotations
  Dataset: result (Shape: (120, 120, 120), Dtype: uint8)
Objects in /home/zozchaab/data/deepvision/deepvision/iqs_dv_test/masks/000013_d4b791c4-e184-4a83-bc5f-533427222607_data_data_generated_dataset_6.h5:
Group: annotations
  Dataset: result (Shape: (120, 120, 120), Dtype: uint8)
Objects in /home/zozchaab/data/deepvision/deepvision/iqs_dv_test/masks/000018_d4b791c4-e184-4a83-bc5f-533427222607_data_data_user_sample_dataset_6.h5:
Group: annotations
  Dataset: sample (Shape: (120, 120, 120), Dtype: uint8)
Objects in /home/zozchaab/data/deepvision/deepvision/iqs_dv_test/masks/000023_d4b791c4-e184-4a83-bc5f-533427222607_data_data_user_sample_dataset_6.h5:
Group: annotations
  Dataset: sample (Shape: (120, 120, 120), Dtype: uint8)
Objects in /home/zozchaab/data/deepvision/deepvision/iqs_dv_test/masks/000004_d4b791c4-e184-4a83-bc5f-533427222607_data_data_generated_dataset_6.h5:
Group: annotations
  Dataset: result (Shape: (120, 120, 120), Dtype: uint8)
Objects in /home/zozchaab/data/deepvision/deepvision/iqs_dv_test/masks/000009_d4b791c4-e184-4a83-bc5f-533427222607_data_data_generated_dataset_6.h5:
Group: annotations
  Dataset: result (Shape: (120, 120, 120), Dtype: uint8)
Objects in /home/zozchaab/data/deepvision/deepvision/iqs_dv_test/masks/000013_d4b791c4-e184-4a83-bc5f-533427222607_data_data_user_sample_dataset_6.h5:
Group: annotations
  Dataset: sample (Shape: (120, 120, 120), Dtype: uint8)
Objects in /home/zozchaab/data/deepvision/deepvision/iqs_dv_test/masks/000003_d4b791c4-e184-4a83-bc5f-533427222607_data_data_user_sample_dataset_6.h5:
Group: annotations
  Dataset: sample (Shape: (120, 120, 120), Dtype: uint8)
Objects in /home/zozchaab/data/deepvision/deepvision/iqs_dv_test/masks/000021_d4b791c4-e184-4a83-bc5f-533427222607_data_data_generated_dataset_6.h5:
Group: annotations
  Dataset: result (Shape: (120, 120, 120), Dtype: uint8)
Objects in /home/zozchaab/data/deepvision/deepvision/iqs_dv_test/masks/000012_d4b791c4-e184-4a83-bc5f-533427222607_data_data_user_sample_dataset_6.h5:
Group: annotations
  Dataset: sample (Shape: (120, 120, 120), Dtype: uint8)
Objects in /home/zozchaab/data/deepvision/deepvision/iqs_dv_test/masks/000023_d4b791c4-e184-4a83-bc5f-533427222607_data_data_generated_dataset_6.h5:
Group: annotations
  Dataset: result (Shape: (120, 120, 120), Dtype: uint8)
Objects in /home/zozchaab/data/deepvision/deepvision/iqs_dv_test/masks/000000_d4b791c4-e184-4a83-bc5f-533427222607_data_data_user_sample_dataset_6.h5:
Group: annotations
  Dataset: sample (Shape: (120, 120, 120), Dtype: uint8)
Objects in /home/zozchaab/data/deepvision/deepvision/iqs_dv_test/masks/000014_d4b791c4-e184-4a83-bc5f-533427222607_data_data_user_sample_dataset_6.h5:
Group: annotations
  Dataset: sample (Shape: (120, 120, 120), Dtype: uint8)
Objects in /home/zozchaab/data/deepvision/deepvision/iqs_dv_test/masks/000022_d4b791c4-e184-4a83-bc5f-533427222607_data_data_generated_dataset_6.h5:
Group: annotations
  Dataset: result (Shape: (120, 120, 120), Dtype: uint8)
Objects in /home/zozchaab/data/deepvision/deepvision/iqs_dv_test/masks/000008_d4b791c4-e184-4a83-bc5f-533427222607_data_data_generated_dataset_6.h5:
Group: annotations
  Dataset: result (Shape: (120, 120, 120), Dtype: uint8)
Objects in /home/zozchaab/data/deepvision/deepvision/iqs_dv_test/masks/000010_d4b791c4-e184-4a83-bc5f-533427222607_data_data_user_sample_dataset_6.h5:
Group: annotations
  Dataset: sample (Shape: (120, 120, 120), Dtype: uint8)
Objects in /home/zozchaab/data/deepvision/deepvision/iqs_dv_test/masks/000019_d4b791c4-e184-4a83-bc5f-533427222607_data_data_generated_dataset_6.h5:
Group: annotations
  Dataset: result (Shape: (120, 120, 120), Dtype: uint8)
Objects in /home/zozchaab/data/deepvision/deepvision/iqs_dv_test/masks/000005_d4b791c4-e184-4a83-bc5f-533427222607_data_data_generated_dataset_6.h5:
Group: annotations
  Dataset: result (Shape: (120, 120, 120), Dtype: uint8)
Objects in /home/zozchaab/data/deepvision/deepvision/iqs_dv_test/masks/000017_d4b791c4-e184-4a83-bc5f-533427222607_data_data_manual_dataset_6.h5:
Group: annotations
  Dataset: proposed (Shape: (120, 120, 120), Dtype: uint8)
Objects in /home/zozchaab/data/deepvision/deepvision/iqs_dv_test/masks/000001_d4b791c4-e184-4a83-bc5f-533427222607_data_data_generated_dataset_6.h5:
Group: annotations
  Dataset: result (Shape: (120, 120, 120), Dtype: uint8)
Objects in /home/zozchaab/data/deepvision/deepvision/iqs_dv_test/masks/000004_d4b791c4-e184-4a83-bc5f-533427222607_data_data_user_sample_dataset_6.h5:
Group: annotations
  Dataset: sample (Shape: (120, 120, 120), Dtype: uint8)
Objects in /home/zozchaab/data/deepvision/deepvision/iqs_dv_test/masks/000016_d4b791c4-e184-4a83-bc5f-533427222607_data_data_user_sample_dataset_6.h5:
Group: annotations
  Dataset: sample (Shape: (120, 120, 120), Dtype: uint8)
Objects in /home/zozchaab/data/deepvision/deepvision/iqs_dv_test/masks/000006_d4b791c4-e184-4a83-bc5f-533427222607_data_data_user_sample_dataset_6.h5:
Group: annotations
  Dataset: sample (Shape: (120, 120, 120), Dtype: uint8)
Objects in /home/zozchaab/data/deepvision/deepvision/iqs_dv_test/masks/000016_d4b791c4-e184-4a83-bc5f-533427222607_data_data_generated_dataset_6.h5:
Group: annotations
  Dataset: result (Shape: (120, 120, 120), Dtype: uint8)
Objects in /home/zozchaab/data/deepvision/deepvision/iqs_dv_test/masks/000005_d4b791c4-e184-4a83-bc5f-533427222607_data_data_user_sample_dataset_6.h5:
Group: annotations
  Dataset: sample (Shape: (120, 120, 120), Dtype: uint8)
Objects in /home/zozchaab/data/deepvision/deepvision/iqs_dv_test/masks/000019_d4b791c4-e184-4a83-bc5f-533427222607_data_data_user_sample_dataset_6.h5:
Group: annotations
  Dataset: sample (Shape: (120, 120, 120), Dtype: uint8)
Objects in /home/zozchaab/data/deepvision/deepvision/iqs_dv_test/masks/000008_d4b791c4-e184-4a83-bc5f-533427222607_data_data_user_sample_dataset_6.h5:
Group: annotations
  Dataset: sample (Shape: (120, 120, 120), Dtype: uint8)
Objects in /home/zozchaab/data/deepvision/deepvision/iqs_dv_test/masks/000022_d4b791c4-e184-4a83-bc5f-533427222607_data_data_user_sample_dataset_6.h5:
Group: annotations
  Dataset: sample (Shape: (120, 120, 120), Dtype: uint8)
Objects in /home/zozchaab/data/deepvision/deepvision/iqs_dv_test/masks/000018_d4b791c4-e184-4a83-bc5f-533427222607_data_data_generated_dataset_6.h5:
Group: annotations
  Dataset: result (Shape: (120, 120, 120), Dtype: uint8)
Objects in /home/zozchaab/data/deepvision/deepvision/iqs_dv_test/masks/000010_d4b791c4-e184-4a83-bc5f-533427222607_data_data_generated_dataset_6.h5:
Group: annotations
  Dataset: result (Shape: (120, 120, 120), Dtype: uint8)
Objects in /home/zozchaab/data/deepvision/deepvision/iqs_dv_test/masks/000020_d4b791c4-e184-4a83-bc5f-533427222607_data_data_generated_dataset_6.h5:
Group: annotations
  Dataset: result (Shape: (120, 120, 120), Dtype: uint8)
Objects in /home/zozchaab/data/deepvision/deepvision/iqs_dv_test/masks/000017_d4b791c4-e184-4a83-bc5f-533427222607_data_data_user_sample_dataset_6.h5:
Group: annotations
  Dataset: sample (Shape: (120, 120, 120), Dtype: uint8)
Objects in /home/zozchaab/data/deepvision/deepvision/iqs_dv_test/masks/000011_d4b791c4-e184-4a83-bc5f-533427222607_data_data_user_sample_dataset_6.h5:
Group: annotations
  Dataset: sample (Shape: (120, 120, 120), Dtype: uint8)
Objects in /home/zozchaab/data/deepvision/deepvision/iqs_dv_test/masks/000009_d4b791c4-e184-4a83-bc5f-533427222607_data_data_user_sample_dataset_6.h5:
Group: annotations
  Dataset: sample (Shape: (120, 120, 120), Dtype: uint8)
Objects in /home/zozchaab/data/deepvision/deepvision/iqs_dv_test/masks/000000_d4b791c4-e184-4a83-bc5f-533427222607_data_data_generated_dataset_6.h5:
Group: annotations
  Dataset: result (Shape: (120, 120, 120), Dtype: uint8)
Objects in /home/zozchaab/data/deepvision/deepvision/iqs_dv_test/masks/000014_d4b791c4-e184-4a83-bc5f-533427222607_data_data_generated_dataset_6.h5:
Group: annotations
  Dataset: result (Shape: (120, 120, 120), Dtype: uint8)
Objects in /home/zozchaab/data/deepvision/deepvision/iqs_dv_test/masks/000015_d4b791c4-e184-4a83-bc5f-533427222607_data_data_user_sample_dataset_6.h5:
Group: annotations
  Dataset: sample (Shape: (120, 120, 120), Dtype: uint8)
Objects in /home/zozchaab/data/deepvision/deepvision/iqs_dv_test/masks/000021_d4b791c4-e184-4a83-bc5f-533427222607_data_data_user_sample_dataset_6.h5:
Group: annotations
  Dataset: sample (Shape: (120, 120, 120), Dtype: uint8)
Objects in /home/zozchaab/data/deepvision/deepvision/iqs_dv_test/masks/000002_d4b791c4-e184-4a83-bc5f-533427222607_data_data_user_sample_dataset_6.h5:
Group: annotations
  Dataset: sample (Shape: (120, 120, 120), Dtype: uint8)
~/Medical-SAM-Adapter
